[13:44:29] [main/INFO]: Environment: authHost='https://authserver.mojang.com', accountsHost='https://api.mojang.com', sessionHost='https://sessionserver.mojang.com', servicesHost='https://api.minecraftservices.com', name='PROD'
[13:44:29] [main/FATAL]: Failed to start the minecraft server
java.io.IOException: The process cannot access the file because another process has locked a portion of the file
	at sun.nio.ch.FileDispatcherImpl.write0(Native Method) ~[?:1.8.0_51]
	at sun.nio.ch.FileDispatcherImpl.write(Unknown Source) ~[?:1.8.0_51]
	at sun.nio.ch.IOUtil.writeFromNativeBuffer(Unknown Source) ~[?:1.8.0_51]
	at sun.nio.ch.IOUtil.write(Unknown Source) ~[?:1.8.0_51]
	at sun.nio.ch.FileChannelImpl.write(Unknown Source) ~[?:1.8.0_51]
	at aex.a(SourceFile:40) ~[server.jar:?]
	at cyg$a.<init>(SourceFile:287) ~[server.jar:?]
	at cyg.c(SourceFile:275) ~[server.jar:?]
	at net.minecraft.server.Main.main(SourceFile:118) [server.jar:?]
estination] with inputs: [0.1 -0.5 .9, 0 0 0]
[13:44:21] [main/INFO]: Reloading ResourceManager: Default
[13:44:22] [Worker-Main-5/INFO]: Loaded 7 recipes
[13:44:23] [Worker-Main-5/INFO]: Loaded 927 advancements
[13:44:41] [main/INFO]: Environment: authHost='https://authserver.mojang.com', accountsHost='https://api.mojang.com', sessionHost='https://sessionserver.mojang.com', servicesHost='https://api.minecraftservices.com', name='PROD'
[13:44:41] [main/FATAL]: Failed to start the minecraft server
java.io.IOException: The process cannot access the file because another process has locked a portion of the file
	at sun.nio.ch.FileDispatcherImpl.write0(Native Method) ~[?:1.8.0_51]
	at sun.nio.ch.FileDispatcherImpl.write(Unknown Source) ~[?:1.8.0_51]
	at sun.nio.ch.IOUtil.writeFromNativeBuffer(Unknown Source) ~[?:1.8.0_51]
	at sun.nio.ch.IOUtil.write(Unknown Source) ~[?:1.8.0_51]
	at sun.nio.ch.FileChannelImpl.write(Unknown Source) ~[?:1.8.0_51]
	at aex.a(SourceFile:40) ~[server.jar:?]
	at cyg$a.<init>(SourceFile:287) ~[server.jar:?]
	at cyg.c(SourceFile:275) ~[server.jar:?]
	at net.minecraft.server.Main.main(SourceFile:118) [server.jar:?]
~[?:1.8.0_51]
	at java.io.BufferedReader.readLine(Unknown Source) ~[?:1.8.0_51]
	at java.io.BufferedReader.readLine(Unknown Source) ~[?:1.8.0_51]
	at zg$1.run(SourceFile:95) [server.jar:?]
[13:44:30] [Server thread/INFO]: Starting Minecraft server on *:25565
[13:44:30] [Server thread/INFO]: Using default channel type
[13:44:42] [Server thread/WARN]: **** SERVER IS RUNNING IN OFFLINE/INSECURE MODE!
[13:44:42] [Server thread/WARN]: The server will make no attempt to authenticate usernames. Beware.
[13:44:42] [Server thread/WARN]: While this makes the game possible to play without internet access, it also opens up the ability for hackers to connect with any username they choose.
[13:44:42] [Server thread/WARN]: To change this, set "online-mode" to "true" in the server.properties file.
[13:44:42] [Server thread/INFO]: Preparing level "world"
[13:44:42] [Server thread/INFO]: Preparing start region for dimension minecraft:overworld
[13:44:45] [Server thread/INFO]: Preparing spawn area: 0%
[13:44:45] [Server thread/INFO]: Preparing spawn area: 0%
[13:44:45] [Server thread/INFO]: Preparing spawn area: 0%
[13:44:45] [Server thread/INFO]: Preparing spawn area: 0%
[13:44:45] [Server thread/INFO]: Preparing spawn area: 0%
[13:44:45] [Server thread/INFO]: Preparing spawn area: 0%
[13:44:45] [Server thread/INFO]: Preparing spawn area: 0%
[13:44:46] [Server thread/INFO]: Preparing spawn area: 0%
[13:44:47] [Server thread/INFO]: Preparing spawn area: 48%
[13:44:53] [Worker-Main-8/INFO]: Preparing spawn area: 83%
[13:44:53] [Worker-Main-8/INFO]: Preparing spawn area: 83%
[13:44:53] [Worker-Main-9/INFO]: Preparing spawn area: 83%
[13:44:53] [Worker-Main-9/INFO]: Preparing spawn area: 83%
[13:44:53] [Worker-Main-9/INFO]: Preparing spawn area: 83%
[13:44:53] [Worker-Main-9/INFO]: Preparing spawn area: 83%
[13:44:53] [Worker-Main-9/INFO]: Preparing spawn area: 83%
[13:44:53] [Worker-Main-9/INFO]: Preparing spawn area: 83%
[13:44:53] [Worker-Main-9/INFO]: Preparing spawn area: 83%
[13:44:53] [Worker-Main-9/INFO]: Preparing spawn area: 83%
[13:44:53] [Worker-Main-9/INFO]: Preparing spawn area: 83%
[13:44:53] [Worker-Main-9/INFO]: Preparing spawn area: 83%
[13:44:53] [Worker-Main-9/INFO]: Preparing spawn area: 83%
[13:44:53] [Worker-Main-9/INFO]: Preparing spawn area: 83%
[13:44:54] [Worker-Main-8/INFO]: Preparing spawn area: 83%
[13:44:54] [Worker-Main-9/INFO]: Preparing spawn area: 83%
[13:44:55] [Worker-Main-9/INFO]: Preparing spawn area: 83%
[13:44:55] [Worker-Main-9/INFO]: Preparing spawn area: 83%
[13:44:56] [Worker-Main-7/INFO]: Preparing spawn area: 83%
[13:44:56] [Worker-Main-8/INFO]: Preparing spawn area: 83%
[13:44:57] [Worker-Main-7/INFO]: Preparing spawn area: 83%
[13:44:57] [Worker-Main-9/INFO]: Preparing spawn area: 83%
[13:44:58] [Worker-Main-8/INFO]: Preparing spawn area: 85%
[13:44:58] [Worker-Main-7/INFO]: Preparing spawn area: 89%
[13:44:59] [Worker-Main-8/INFO]: Preparing spawn area: 91%
[13:45:00] [Server thread/INFO]: Preparing spawn area: 95%
[13:45:00] [Server thread/INFO]: Preparing spawn area: 95%
[13:45:00] [Server thread/INFO]: Time elapsed: 17918 ms
[13:45:00] [Server thread/INFO]: Done (18.588s)! For help, type "help"
[13:45:03] [Server thread/WARN]: Can't keep up! Is the server overloaded? Running 2054ms or 41 ticks behind
[13:48:17] [Server thread/INFO]: Stopping server
[13:48:17] [Server thread/INFO]: Saving players
[13:48:17] [Server thread/INFO]: Saving worlds
[13:48:17] [Server thread/INFO]: Saving chunks for level 'ServerLevel[world]'/minecraft:overworld
[13:48:18] [Server thread/INFO]: ThreadedAnvilChunkStorage (world): All chunks are saved
[13:48:18] [Server thread/INFO]: Saving chunks for level 'ServerLevel[world]'/minecraft:the_nether
[13:48:18] [Server thread/INFO]: ThreadedAnvilChunkStorage (DIM-1): All chunks are saved
[13:48:18] [Server thread/INFO]: Saving chunks for level 'ServerLevel[world]'/minecraft:the_end
[13:48:18] [Server thread/INFO]: ThreadedAnvilChunkStorage (DIM1): All chunks are saved
[13:48:18] [Server thread/INFO]: ThreadedAnvilChunkStorage (world): All chunks are saved
[13:48:18] [Server thread/INFO]: ThreadedAnvilChunkStorage (DIM-1): All chunks are saved
[13:48:18] [Server thread/INFO]: ThreadedAnvilChunkStorage (DIM1): All chunks are saved
